[debug] > Exec(early(addDefaultCommands), None, None)
[debug] > Exec(addDefaultCommands, None, None)
[debug] > Exec(early(initialize), None, None)
[debug] > Exec(initialize, None, None)
[debug] > Exec(early(addPluginSbtFile="""C:\Users\566\AppData\Local\Temp\idea1.sbt"""), None, None)
[debug] > Exec(addPluginSbtFile="""C:\Users\566\AppData\Local\Temp\idea1.sbt""", None, None)
[debug] > Exec(boot, None, None)
[debug] > Exec(writeSbtVersion, None, None)
[debug] > Exec(reload, None, None)
[debug] > Exec(sbtStashOnFailure, None, None)
[debug] > Exec(onFailure loadFailed, None, None)
[debug] > Exec(loadp, None, None)
[info] welcome to sbt 1.5.5 (Oracle Corporation Java 1.8.0_291)
[debug]       Load.loadUnit: plugins took 269.0795ms
[debug]       Load.loadUnit: defsScala took 0.6122ms
[debug] [Loading] Scanning directory C:\Users\566\.sbt\1.0\plugins
[debug] [Loading] Found non-root projects 
[debug] [Loading] Done in C:\Users\566\.sbt\1.0\plugins, returning: ()
[debug] deducing auto plugins based on known facts Set(Atom(sbt.plugins.CorePlugin)) and clauses Clauses(Clause(Atom(sbt.plugins.JvmPlugin),Set(Atom(sbt.plugins.IvyPlugin)))
[debug] Clause(Atom(sbt.ScriptedPlugin),Set(Atom(sbt.plugins.JvmPlugin)))
[debug] Clause(Atom(sbt.plugins.SbtPlugin),Set(Atom(sbt.ScriptedPlugin)))
[debug] Clause(Atom(sbt.plugins.SemanticdbPlugin),Set(Atom(sbt.plugins.JvmPlugin)))
[debug] Clause(Atom(sbt.plugins.JUnitXmlReportPlugin),Set(Atom(sbt.plugins.JvmPlugin)))
[debug] Clause(Atom(sbt.plugins.MiniDependencyTreePlugin),Set(Atom(sbt.plugins.JvmPlugin)))
[debug] Clause(Atom(sbt.plugins.CorePlugin),Set(Atom(sbt.plugins.IvyPlugin)))
[debug] Clause(Atom(sbt.plugins.IvyPlugin),Set(Atom(sbt.plugins.JvmPlugin)))
[debug] Clause(Atom(sbt.plugins.JvmPlugin),Set(Atom(sbt.plugins.SemanticdbPlugin)))
[debug] Clause(Atom(sbt.plugins.JvmPlugin),Set(Atom(sbt.plugins.JUnitXmlReportPlugin)))
[debug] Clause(Atom(sbt.plugins.CorePlugin),Set(Atom(sbt.plugins.Giter8TemplatePlugin)))
[debug] Clause(Atom(sbt.plugins.JvmPlugin),Set(Atom(sbt.plugins.MiniDependencyTreePlugin))))
[debug]   :: deduced result: Matched(sbt.plugins.CorePlugin,sbt.plugins.Giter8TemplatePlugin,sbt.plugins.IvyPlugin,sbt.plugins.JvmPlugin,sbt.plugins.MiniDependencyTreePlugin,sbt.plugins.JUnitXmlReportPlugin,sbt.plugins.SemanticdbPlugin)
[debug] Plugins.deducer#function took 22.5669 ms
[debug]           Load.resolveProject(global-plugins) took 55.6743ms
[debug]         Load.loadTransitive: finalizeProject(Project(id global-plugins, base: C:\Users\566\.sbt\1.0\plugins, plugins: List(<none>))) took 122.3273ms
[debug] [Loading] Done in C:\Users\566\.sbt\1.0\plugins, returning: (global-plugins)
[debug]       Load.loadUnit: loadedProjectsRaw took 172.565ms
[debug]       Load.loadUnit: cleanEvalClasses took 0.297ms
[debug]     Load.loadUnit(file:/C:/Users/566/.sbt/1.0/plugins/, ...) took 455.4218ms
[debug]   Load.apply: load took 675.9716ms
[debug]   Load.apply: resolveProjects took 8.7327ms
[debug]   Load.apply: finalTransforms took 101.1293ms
[debug]   Load.apply: config.delegates took 12.1866ms
[debug]   Load.apply: Def.make(settings)... took 723.6301ms
[debug]   Load.apply: structureIndex took 173.4749ms
[debug]   Load.apply: mkStreams took 2.4967ms
[info] loading global plugins from C:\Users\566\.sbt\1.0\plugins
[debug] Running task... Cancel: Signal, check cycles: false, forcegc: true
[debug] Load.defaultLoad until apply took 6753.1253ms
[debug]           Load.loadUnit: plugins took 29.2837ms
[debug]           Load.loadUnit: defsScala took 0.0047ms
[debug] [Loading] Scanning directory E:\Users\566\Desktop\Scala\tranning\project
[debug]             Load.loadUnit: mkEval took 9.0942ms
[debug] [Loading] Found non-root projects 
[debug] [Loading] Done in E:\Users\566\Desktop\Scala\tranning\project, returning: ()
[debug] deducing auto plugins based on known facts Set(Atom(sbt.plugins.CorePlugin)) and clauses Clauses(Clause(Atom(sbt.plugins.JvmPlugin),Set(Atom(sbt.plugins.IvyPlugin)))
[debug] Clause(Atom(sbt.ScriptedPlugin),Set(Atom(sbt.plugins.JvmPlugin)))
[debug] Clause(Atom(sbt.plugins.SbtPlugin),Set(Atom(sbt.ScriptedPlugin)))
[debug] Clause(Atom(sbt.plugins.SemanticdbPlugin),Set(Atom(sbt.plugins.JvmPlugin)))
[debug] Clause(Atom(sbt.plugins.JUnitXmlReportPlugin),Set(Atom(sbt.plugins.JvmPlugin)))
[debug] Clause(Atom(sbt.plugins.MiniDependencyTreePlugin),Set(Atom(sbt.plugins.JvmPlugin)))
[debug] Clause(Atom(sbt.plugins.CorePlugin),Set(Atom(sbt.plugins.IvyPlugin)))
[debug] Clause(Atom(sbt.plugins.IvyPlugin),Set(Atom(sbt.plugins.JvmPlugin)))
[debug] Clause(Atom(sbt.plugins.JvmPlugin),Set(Atom(sbt.plugins.SemanticdbPlugin)))
[debug] Clause(Atom(sbt.plugins.JvmPlugin),Set(Atom(sbt.plugins.JUnitXmlReportPlugin)))
[debug] Clause(Atom(sbt.plugins.CorePlugin),Set(Atom(sbt.plugins.Giter8TemplatePlugin)))
[debug] Clause(Atom(sbt.plugins.JvmPlugin),Set(Atom(sbt.plugins.MiniDependencyTreePlugin))))
[debug]   :: deduced result: Matched(sbt.plugins.CorePlugin,sbt.plugins.Giter8TemplatePlugin,sbt.plugins.IvyPlugin,sbt.plugins.JvmPlugin,sbt.plugins.MiniDependencyTreePlugin,sbt.plugins.JUnitXmlReportPlugin,sbt.plugins.SemanticdbPlugin)
[debug] Plugins.deducer#function took 3.7407 ms
[info] loading settings for project tranning-build from idea1.sbt ...
[debug]               Load.resolveProject(tranning-build) took 17.9392ms
[debug]             Load.loadTransitive: finalizeProject(Project(id tranning-build, base: E:\Users\566\Desktop\Scala\tranning\project, plugins: List(<none>))) took 22.9723ms
[debug] [Loading] Done in E:\Users\566\Desktop\Scala\tranning\project, returning: (tranning-build)
[debug]           Load.loadUnit: loadedProjectsRaw took 261.0823ms
[debug]           Load.loadUnit: cleanEvalClasses took 4.7218ms
[debug]         Load.loadUnit(file:/E:/Users/566/Desktop/Scala/tranning/project/, ...) took 296.4803ms
[debug]       Load.apply: load took 299.2844ms
[debug]       Load.apply: resolveProjects took 0.1464ms
[debug]       Load.apply: finalTransforms took 13.8063ms
[debug]       Load.apply: config.delegates took 0.4683ms
[debug]       Load.apply: Def.make(settings)... took 166.2875ms
[debug]       Load.apply: structureIndex took 37.4832ms
[debug]       Load.apply: mkStreams took 0.0036ms
[info] loading project definition from E:\Users\566\Desktop\Scala\tranning\project
[debug] Running task... Cancel: Signal, check cycles: false, forcegc: true
[warn] Unrecognized repository Scala Plugin Bundled Repository, ignoring it
[debug]     Load.loadUnit: plugins took 7380.8028ms
[debug]     Load.loadUnit: defsScala took 0.005ms
[debug] [Loading] Scanning directory E:\Users\566\Desktop\Scala\tranning
[debug]       Load.loadUnit: mkEval took 0.4378ms
[debug] [Loading] Found non-root projects 
[debug] [Loading] Done in E:\Users\566\Desktop\Scala\tranning, returning: ()
[debug] deducing auto plugins based on known facts Set(Atom(sbt.plugins.CorePlugin)) and clauses Clauses(Clause(Atom(sbt.plugins.JvmPlugin),Set(Atom(sbt.plugins.IvyPlugin)))
[debug] Clause(Atom(sbt.ScriptedPlugin),Set(Atom(sbt.plugins.JvmPlugin)))
[debug] Clause(Atom(sbt.plugins.SbtPlugin),Set(Atom(sbt.ScriptedPlugin)))
[debug] Clause(Atom(sbt.plugins.SemanticdbPlugin),Set(Atom(sbt.plugins.JvmPlugin)))
[debug] Clause(Atom(sbt.plugins.JUnitXmlReportPlugin),Set(Atom(sbt.plugins.JvmPlugin)))
[debug] Clause(Atom(sbt.plugins.MiniDependencyTreePlugin),Set(Atom(sbt.plugins.JvmPlugin)))
[debug] Clause(Atom(org.jetbrains.sbt.StructurePlugin),Set(Atom(sbt.plugins.JvmPlugin)))
[debug] Clause(Atom(org.jetbrains.sbt.IdeaShellPlugin),Set(Atom(sbt.plugins.JvmPlugin)))
[debug] Clause(Atom(org.jetbrains.sbt.indices.SbtIntellijIndicesPlugin),Set(Atom(sbt.plugins.JvmPlugin)))
[debug] Clause(Atom(sbt.plugins.CorePlugin),Set(Atom(sbt.plugins.IvyPlugin)))
[debug] Clause(Atom(sbt.plugins.IvyPlugin),Set(Atom(sbt.plugins.JvmPlugin)))
[debug] Clause(Atom(sbt.plugins.JvmPlugin),Set(Atom(sbt.plugins.SemanticdbPlugin)))
[debug] Clause(Atom(sbt.plugins.JvmPlugin),Set(Atom(sbt.plugins.JUnitXmlReportPlugin)))
[debug] Clause(Atom(sbt.plugins.CorePlugin),Set(Atom(sbt.plugins.Giter8TemplatePlugin)))
[debug] Clause(Atom(sbt.plugins.JvmPlugin),Set(Atom(sbt.plugins.MiniDependencyTreePlugin)))
[debug] Clause(Atom(sbt.plugins.JvmPlugin),Set(Atom(org.jetbrains.sbt.StructurePlugin)))
[debug] Clause(Atom(sbt.plugins.JvmPlugin),Set(Atom(org.jetbrains.sbt.IdeaShellPlugin)))
[debug] Clause(And(Set(Atom(sbt.plugins.CorePlugin), Atom(sbt.plugins.JvmPlugin))),Set(Atom(org.jetbrains.sbt.indices.SbtIntellijIndicesPlugin))))
[debug]   :: deduced result: Matched(sbt.plugins.CorePlugin,sbt.plugins.Giter8TemplatePlugin,sbt.plugins.IvyPlugin,sbt.plugins.JvmPlugin,sbt.plugins.SemanticdbPlugin,org.jetbrains.sbt.indices.SbtIntellijIndicesPlugin,sbt.plugins.JUnitXmlReportPlugin,org.jetbrains.sbt.IdeaShellPlugin,org.jetbrains.sbt.StructurePlugin,sbt.plugins.MiniDependencyTreePlugin)
[debug] Plugins.deducer#function took 4.1043 ms
[info] loading settings for project tranning from build.sbt ...
[debug]         Load.resolveProject(tranning) took 43.7135ms
[debug]       Load.loadTransitive: finalizeProject(Project(id tranning, base: E:\Users\566\Desktop\Scala\tranning, plugins: List(<none>))) took 49.8304ms
[debug] [Loading] Done in E:\Users\566\Desktop\Scala\tranning, returning: (tranning)
[debug]     Load.loadUnit: loadedProjectsRaw took 4240.879ms
[debug]     Load.loadUnit: cleanEvalClasses took 13.7488ms
[debug]   Load.loadUnit(file:/E:/Users/566/Desktop/Scala/tranning/, ...) took 11636.4966ms
[debug] Load.apply: load took 11639.2984ms
[debug] Load.apply: resolveProjects took 0.1935ms
[debug] Load.apply: finalTransforms took 41.178ms
[debug] Load.apply: config.delegates took 0.5239ms
[debug] Load.apply: Def.make(settings)... took 200.4538ms
[debug] Load.apply: structureIndex took 39.8466ms
[debug] Load.apply: mkStreams took 0.0039ms
[info] set current project to tranning (in build file:/E:/Users/566/Desktop/Scala/tranning/)
[debug] > Exec(sbtPopOnFailure, None, None)
[debug] > Exec(resumeFromFailure, None, None)
[debug] > Exec(notifyUsersAboutShell, None, None)
[debug] > Exec(iflast shell, None, None)
[debug] > Exec(; set ideaPort in Global := 55116 ; idea-shell, None, None)
[debug] > Exec(set ideaPort in Global := 55116, None, None)
[info] Defining Global / ideaPort
[info] The new value will be used by Compile / compile, Test / compile
[debug] Defining 
[debug] 	Global / ideaPort
[debug] 
[debug] The new value will be used by 
[debug] 	Compile / compile
[debug] 	Test / compile
[info] Reapplying settings...
[info] set current project to tranning (in build file:/E:/Users/566/Desktop/Scala/tranning/)
[debug] > Exec(idea-shell, None, None)
